Using pre-set license
Built from '2020.3/staging' branch; Version is '2020.3.0f1 (c7b5465681fb) revision 13088070'; Using compiler version '192528614'; Build Type 'Release'
OS: 'Windows 10 Pro; OS build 19042.928; Version 2009; 64bit' Language: 'en' Physical Memory: 8086 MB
BatchMode: 1, IsHumanControllingUs: 0, StartBugReporterOnCrash: 0, Is64bit: 1, IsPro: 0

 COMMAND LINE ARGUMENTS:
C:\Program Files\Unity Editors\2020.3.0f1\Editor\Unity.exe
-adb2
-batchMode
-noUpm
-name
AssetImportWorker0
-projectPath
T:/Software Development/Unity/Unity-Particle-System
-logFile
Logs/AssetImportWorker0.log
-srvPort
1723
Successfully changed project path to: T:/Software Development/Unity/Unity-Particle-System
T:/Software Development/Unity/Unity-Particle-System
Using Asset Import Pipeline V2.
Refreshing native plugins compatible for Editor in 66.14 ms, found 0 plugins.
Preloading 0 native plugins for Editor in 0.00 ms.
Initialize engine version: 2020.3.0f1 (c7b5465681fb)
[Subsystems] Discovering subsystems at path C:/Program Files/Unity Editors/2020.3.0f1/Editor/Data/Resources/UnitySubsystems
[Subsystems] Discovering subsystems at path T:/Software Development/Unity/Unity-Particle-System/Assets
GfxDevice: creating device client; threaded=0
Direct3D:
    Version:  Direct3D 11.0 [level 10.1]
    Renderer: Intel(R) HD Graphics 3000 (ID=0x126)
    Vendor:   
    VRAM:     128 MB
    Driver:   9.17.10.2770
Could not load symbol clCreateImage : The specified procedure could not be found.


Could not load symbol clEnqueueFillBuffer : The specified procedure could not be found.


Could not load symbol clEnqueueFillImage : The specified procedure could not be found.


Could not load symbol clEnqueueMarkerWithWaitList : The specified procedure could not be found.


Could not load symbol clGetExtensionFunctionAddressForPlatform : The specified procedure could not be found.


Could not load symbol clUnloadPlatformCompiler : The specified procedure could not be found.


Could not load symbol clCreateFromGLTexture : The specified procedure could not be found.


Initialize mono
Mono path[0] = 'C:/Program Files/Unity Editors/2020.3.0f1/Editor/Data/Managed'
Mono path[1] = 'C:/Program Files/Unity Editors/2020.3.0f1/Editor/Data/MonoBleedingEdge/lib/mono/unityjit'
Mono config path = 'C:/Program Files/Unity Editors/2020.3.0f1/Editor/Data/MonoBleedingEdge/etc'
Using monoOptions --debugger-agent=transport=dt_socket,embedding=1,server=y,suspend=n,address=127.0.0.1:56156
Begin MonoManager ReloadAssembly
Registering precompiled unity dll's ...
Register platform support module: C:/Program Files/Unity Editors/2020.3.0f1/Editor/Data/PlaybackEngines/WindowsStandaloneSupport/UnityEditor.WindowsStandalone.Extensions.dll
Registered in 0.002993 seconds.
Native extension for WindowsStandalone target not found
Refreshing native plugins compatible for Editor in 49.65 ms, found 0 plugins.
Preloading 0 native plugins for Editor in 0.00 ms.
Invoked RoslynAnalysisRunner static constructor.
RoslynAnalysisRunner will not be running.
RoslynAnalysisRunner has terminated.
Mono: successfully reloaded assembly
- Completed reload, in  1.737 seconds
Platform modules already initialized, skipping
Registering precompiled user dll's ...
Registered in 0.000964 seconds.
Begin MonoManager ReloadAssembly
Native extension for WindowsStandalone target not found
Refreshing native plugins compatible for Editor in 0.47 ms, found 0 plugins.
Preloading 0 native plugins for Editor in 0.00 ms.
Invoked RoslynAnalysisRunner static constructor.
RoslynAnalysisRunner will not be running.
RoslynAnalysisRunner has terminated.
Mono: successfully reloaded assembly
- Completed reload, in  1.870 seconds
Platform modules already initialized, skipping
========================================================================
Worker process is ready to serve import requests
Launched and connected shader compiler UnityShaderCompiler.exe after 0.06 seconds
Refreshing native plugins compatible for Editor in 0.42 ms, found 0 plugins.
Preloading 0 native plugins for Editor in 0.00 ms.
Unloading 1515 Unused Serialized files (Serialized files now loaded: 0)
System memory in use before: 73.4 MB.
System memory in use after: 73.5 MB.

Unloading 67 unused Assets to reduce memory usage. Loaded Objects now: 1956.
Total: 3.615200 ms (FindLiveObjects: 0.224500 ms CreateObjectMapping: 0.090800 ms MarkObjects: 2.711900 ms  DeleteObjects: 0.585600 ms)

========================================================================
Received Import Request.
  path: Assets/Scenes
  artifactKey: Guid(70233b639f6f3ae4f891974d6df74bdf) Importer(815301076,1909f56bfc062723c751e8b465ee728b)
Start importing Assets/Scenes using Guid(70233b639f6f3ae4f891974d6df74bdf) Importer(815301076,1909f56bfc062723c751e8b465ee728b)  -> (artifact id: '897f09b2d9ac9bb4c57d83d2c54a0497') in 0.050253 seconds
  Import took 0.054539 seconds .

========================================================================
Received Prepare
Registering precompiled user dll's ...
Registered in 0.000969 seconds.
Begin MonoManager ReloadAssembly
Native extension for WindowsStandalone target not found
Refreshing native plugins compatible for Editor in 0.45 ms, found 0 plugins.
Preloading 0 native plugins for Editor in 0.00 ms.
Warning: Annotation not found!
UnityEngine.StackTraceUtility:ExtractStackTrace ()
UnityEditor.ProBuilder.EditorUtility:SetGizmoIconEnabled (System.Type,bool) (at Library/PackageCache/com.unity.probuilder@4.5.0/Editor/EditorCore/EditorUtility.cs:593)
UnityEditor.ProBuilder.HierarchyListener:.cctor () (at Library/PackageCache/com.unity.probuilder@4.5.0/Editor/EditorCore/HierarchyListener.cs:21)
System.Runtime.CompilerServices.RuntimeHelpers:RunClassConstructor (System.RuntimeTypeHandle)
UnityEditor.EditorAssemblies:ProcessInitializeOnLoadAttributes (System.Type[])

[Library/PackageCache/com.unity.probuilder@4.5.0/Editor/EditorCore/EditorUtility.cs line 593]

Invoked RoslynAnalysisRunner static constructor.
RoslynAnalysisRunner will not be running.
RoslynAnalysisRunner has terminated.
Mono: successfully reloaded assembly
- Completed reload, in  1.492 seconds
Platform modules already initialized, skipping
Refreshing native plugins compatible for Editor in 0.42 ms, found 0 plugins.
Preloading 0 native plugins for Editor in 0.00 ms.
Unloading 1474 Unused Serialized files (Serialized files now loaded: 0)
System memory in use before: 71.1 MB.
System memory in use after: 71.2 MB.

Unloading 5 unused Assets to reduce memory usage. Loaded Objects now: 1959.
Total: 2.906500 ms (FindLiveObjects: 0.199400 ms CreateObjectMapping: 0.065900 ms MarkObjects: 2.543300 ms  DeleteObjects: 0.095200 ms)

========================================================================
Received Import Request.
  Time since last request: 242.027492 seconds.
  path: Assets
  artifactKey: Guid(00000000000000001000000000000000) Importer(815301076,1909f56bfc062723c751e8b465ee728b)
Start importing Assets using Guid(00000000000000001000000000000000) Importer(815301076,1909f56bfc062723c751e8b465ee728b)  -> (artifact id: '42baae205c97e3337697759514652acd') in 0.013445 seconds
  Import took 0.017614 seconds .

========================================================================
Received Import Request.
  Time since last request: 0.009350 seconds.
  path: Assets
  artifactKey: Guid(00000000000000001000000000000000) Importer(815301076,1909f56bfc062723c751e8b465ee728b)
Start importing Assets using Guid(00000000000000001000000000000000) Importer(815301076,1909f56bfc062723c751e8b465ee728b)  -> (artifact id: '42baae205c97e3337697759514652acd') in 0.002789 seconds
  Import took 0.008009 seconds .

========================================================================
Received Import Request.
  Time since last request: 5.541381 seconds.
  path: Assets/Materials
  artifactKey: Guid(07ae75002c0550f44b30ea2784fb7202) Importer(815301076,1909f56bfc062723c751e8b465ee728b)
Start importing Assets/Materials using Guid(07ae75002c0550f44b30ea2784fb7202) Importer(815301076,1909f56bfc062723c751e8b465ee728b)  -> (artifact id: 'e05b8739aac891e65b06a2a400e51d34') in 0.015129 seconds
  Import took 0.019425 seconds .

========================================================================
Received Import Request.
  Time since last request: 1233.737023 seconds.
  path: Assets/Cylinder.prefab
  artifactKey: Guid(30eb95614fbcf0246b90ee95b5e7ee9c) Importer(815301076,1909f56bfc062723c751e8b465ee728b)
Start importing Assets/Cylinder.prefab using Guid(30eb95614fbcf0246b90ee95b5e7ee9c) Importer(815301076,1909f56bfc062723c751e8b465ee728b)  -> (artifact id: '9bbb9631e46e86eb369727052b111487') in 0.089247 seconds
  Import took 0.094146 seconds .

========================================================================
Received Import Request.
  Time since last request: 45.785613 seconds.
  path: Assets/Torch.prefab
  artifactKey: Guid(30eb95614fbcf0246b90ee95b5e7ee9c) Importer(815301076,1909f56bfc062723c751e8b465ee728b)
Start importing Assets/Torch.prefab using Guid(30eb95614fbcf0246b90ee95b5e7ee9c) Importer(815301076,1909f56bfc062723c751e8b465ee728b)  -> (artifact id: '65fd828639d314d26a05a2b34982fbc8') in 0.017075 seconds
  Import took 0.022564 seconds .

========================================================================
Received Import Request.
  Time since last request: 70.765236 seconds.
  path: Assets/Torch.prefab
  artifactKey: Guid(30eb95614fbcf0246b90ee95b5e7ee9c) Importer(815301076,1909f56bfc062723c751e8b465ee728b)
Start importing Assets/Torch.prefab using Guid(30eb95614fbcf0246b90ee95b5e7ee9c) Importer(815301076,1909f56bfc062723c751e8b465ee728b)  -> (artifact id: 'e82b20a9579ada33c373c3f9e57473c7') in 0.010806 seconds
  Import took 0.054689 seconds .

========================================================================
Received Import Request.
  Time since last request: 17.000006 seconds.
  path: Assets/Torch.prefab
  artifactKey: Guid(30eb95614fbcf0246b90ee95b5e7ee9c) Importer(815301076,1909f56bfc062723c751e8b465ee728b)
Start importing Assets/Torch.prefab using Guid(30eb95614fbcf0246b90ee95b5e7ee9c) Importer(815301076,1909f56bfc062723c751e8b465ee728b)  -> (artifact id: '9a30862348fd9a93bf315b101a5451ef') in 0.006308 seconds
  Import took 0.010692 seconds .

========================================================================
Received Import Request.
  Time since last request: 0.000745 seconds.
  path: Assets/Torch.prefab
  artifactKey: Guid(30eb95614fbcf0246b90ee95b5e7ee9c) Importer(815301076,1909f56bfc062723c751e8b465ee728b)
Start importing Assets/Torch.prefab using Guid(30eb95614fbcf0246b90ee95b5e7ee9c) Importer(815301076,1909f56bfc062723c751e8b465ee728b)  -> (artifact id: '9a30862348fd9a93bf315b101a5451ef') in 0.007162 seconds
  Import took 0.011878 seconds .

========================================================================
Received Import Request.
  Time since last request: 869.070882 seconds.
  path: Assets/Materials/730cbf2e2455c64c961be8e18e793f6b_3-Things-a-Fire-Needs-2000-c-90.jpg
  artifactKey: Guid(9756a9242825bb64cb967466a8c926ff) Importer(815301076,1909f56bfc062723c751e8b465ee728b)
Start importing Assets/Materials/730cbf2e2455c64c961be8e18e793f6b_3-Things-a-Fire-Needs-2000-c-90.jpg using Guid(9756a9242825bb64cb967466a8c926ff) Importer(815301076,1909f56bfc062723c751e8b465ee728b)  -> (artifact id: 'bfe9413047e3dd0b4dc108a37d55f10a') in 0.083923 seconds
  Import took 0.088682 seconds .

========================================================================
Received Import Request.
  Time since last request: 28.116320 seconds.
  path: Assets/Materials/Flame.mat
  artifactKey: Guid(271e62a723ae8fc4a8c6b28364e5e489) Importer(815301076,1909f56bfc062723c751e8b465ee728b)
Start importing Assets/Materials/Flame.mat using Guid(271e62a723ae8fc4a8c6b28364e5e489) Importer(815301076,1909f56bfc062723c751e8b465ee728b)  -> (artifact id: '4f022ac6d4375f96705b8b912bb95b8f') in 0.222251 seconds
  Import took 0.258292 seconds .

========================================================================
Received Prepare
Registering precompiled user dll's ...
Registered in 0.001829 seconds.
Begin MonoManager ReloadAssembly
Native extension for WindowsStandalone target not found
Refreshing native plugins compatible for Editor in 0.58 ms, found 0 plugins.
Preloading 0 native plugins for Editor in 0.00 ms.
Warning: Annotation not found!
UnityEngine.StackTraceUtility:ExtractStackTrace ()
UnityEditor.ProBuilder.EditorUtility:SetGizmoIconEnabled (System.Type,bool) (at Library/PackageCache/com.unity.probuilder@4.5.0/Editor/EditorCore/EditorUtility.cs:593)
UnityEditor.ProBuilder.HierarchyListener:.cctor () (at Library/PackageCache/com.unity.probuilder@4.5.0/Editor/EditorCore/HierarchyListener.cs:21)
System.Runtime.CompilerServices.RuntimeHelpers:RunClassConstructor (System.RuntimeTypeHandle)
UnityEditor.EditorAssemblies:ProcessInitializeOnLoadAttributes (System.Type[])

[Library/PackageCache/com.unity.probuilder@4.5.0/Editor/EditorCore/EditorUtility.cs line 593]

Invoked RoslynAnalysisRunner static constructor.
RoslynAnalysisRunner will not be running.
RoslynAnalysisRunner has terminated.
Mono: successfully reloaded assembly
- Completed reload, in  2.980 seconds
Platform modules already initialized, skipping
Refreshing native plugins compatible for Editor in 0.48 ms, found 0 plugins.
Preloading 0 native plugins for Editor in 0.00 ms.
Unloading 1474 Unused Serialized files (Serialized files now loaded: 0)
System memory in use before: 74.1 MB.
System memory in use after: 74.2 MB.

Unloading 5 unused Assets to reduce memory usage. Loaded Objects now: 2004.
Total: 11.820900 ms (FindLiveObjects: 0.413900 ms CreateObjectMapping: 0.111600 ms MarkObjects: 11.051000 ms  DeleteObjects: 0.240700 ms)

========================================================================
Received Import Request.
  Time since last request: 654.838979 seconds.
  path: Assets/Particle System.prefab
  artifactKey: Guid(bf0233c6132a9b247a49b524daa2f4c1) Importer(815301076,1909f56bfc062723c751e8b465ee728b)
Start importing Assets/Particle System.prefab using Guid(bf0233c6132a9b247a49b524daa2f4c1) Importer(815301076,1909f56bfc062723c751e8b465ee728b)  -> (artifact id: '61007e3b2c50ed55ef4e730a5b274d24') in 0.049315 seconds
  Import took 0.054695 seconds .

========================================================================
Received Import Request.
  Time since last request: 1.735431 seconds.
  path: Assets/Torch.prefab
  artifactKey: Guid(30eb95614fbcf0246b90ee95b5e7ee9c) Importer(815301076,1909f56bfc062723c751e8b465ee728b)
Start importing Assets/Torch.prefab using Guid(30eb95614fbcf0246b90ee95b5e7ee9c) Importer(815301076,1909f56bfc062723c751e8b465ee728b)  -> (artifact id: 'b301932f9c5563ef91ad176458628329') in 0.027790 seconds
  Import took 0.112936 seconds .

========================================================================
Received Import Request.
  Time since last request: 0.002852 seconds.
  path: Assets/Torch.prefab
  artifactKey: Guid(30eb95614fbcf0246b90ee95b5e7ee9c) Importer(815301076,1909f56bfc062723c751e8b465ee728b)
Start importing Assets/Torch.prefab using Guid(30eb95614fbcf0246b90ee95b5e7ee9c) Importer(815301076,1909f56bfc062723c751e8b465ee728b)  -> (artifact id: 'b301932f9c5563ef91ad176458628329') in 0.006583 seconds
  Import took 0.011697 seconds .

========================================================================
Received Prepare
Registering precompiled user dll's ...
Registered in 0.001087 seconds.
Begin MonoManager ReloadAssembly
Native extension for WindowsStandalone target not found
Refreshing native plugins compatible for Editor in 0.48 ms, found 0 plugins.
Preloading 0 native plugins for Editor in 0.00 ms.
Warning: Annotation not found!
UnityEngine.StackTraceUtility:ExtractStackTrace ()
UnityEditor.ProBuilder.EditorUtility:SetGizmoIconEnabled (System.Type,bool) (at Library/PackageCache/com.unity.probuilder@4.5.0/Editor/EditorCore/EditorUtility.cs:593)
UnityEditor.ProBuilder.HierarchyListener:.cctor () (at Library/PackageCache/com.unity.probuilder@4.5.0/Editor/EditorCore/HierarchyListener.cs:21)
System.Runtime.CompilerServices.RuntimeHelpers:RunClassConstructor (System.RuntimeTypeHandle)
UnityEditor.EditorAssemblies:ProcessInitializeOnLoadAttributes (System.Type[])

[Library/PackageCache/com.unity.probuilder@4.5.0/Editor/EditorCore/EditorUtility.cs line 593]

Invoked RoslynAnalysisRunner static constructor.
RoslynAnalysisRunner will not be running.
RoslynAnalysisRunner has terminated.
Mono: successfully reloaded assembly
- Completed reload, in  1.536 seconds
Platform modules already initialized, skipping
Refreshing native plugins compatible for Editor in 0.48 ms, found 0 plugins.
Preloading 0 native plugins for Editor in 0.00 ms.
Unloading 1474 Unused Serialized files (Serialized files now loaded: 0)
System memory in use before: 74.2 MB.
System memory in use after: 74.3 MB.

Unloading 5 unused Assets to reduce memory usage. Loaded Objects now: 2007.
Total: 3.364900 ms (FindLiveObjects: 0.213800 ms CreateObjectMapping: 0.078000 ms MarkObjects: 2.964300 ms  DeleteObjects: 0.106200 ms)

========================================================================
Received Import Request.
  Time since last request: 588.966439 seconds.
  path: Assets/Scenes/SampleScene.unity
  artifactKey: Guid(9fc0d4010bbf28b4594072e72b8655ab) Importer(815301076,1909f56bfc062723c751e8b465ee728b)
Start importing Assets/Scenes/SampleScene.unity using Guid(9fc0d4010bbf28b4594072e72b8655ab) Importer(815301076,1909f56bfc062723c751e8b465ee728b)  -> (artifact id: '9ba7cf4fcc6e84012199350333e760d6') in 0.016951 seconds
  Import took 0.021649 seconds .

========================================================================
Received Import Request.
  Time since last request: 8.692316 seconds.
  path: Assets/Scenes/Fire.unity
  artifactKey: Guid(9fc0d4010bbf28b4594072e72b8655ab) Importer(815301076,1909f56bfc062723c751e8b465ee728b)
Start importing Assets/Scenes/Fire.unity using Guid(9fc0d4010bbf28b4594072e72b8655ab) Importer(815301076,1909f56bfc062723c751e8b465ee728b)  -> (artifact id: '8e327d1e8664f8444f344c8d20f6a38c') in 0.016246 seconds
  Import took 0.022677 seconds .

========================================================================
Received Import Request.
  Time since last request: 45.376853 seconds.
  path: Assets/ProBuilder Data
  artifactKey: Guid(7c284cb5972cb72489c121ec6ad935e3) Importer(815301076,1909f56bfc062723c751e8b465ee728b)
Start importing Assets/ProBuilder Data using Guid(7c284cb5972cb72489c121ec6ad935e3) Importer(815301076,1909f56bfc062723c751e8b465ee728b)  -> (artifact id: '25551910abd095f5103b8cfb557829be') in 0.014340 seconds
  Import took 0.056280 seconds .

========================================================================
Received Import Request.
  Time since last request: 12.991440 seconds.
  path: Assets/Torch.prefab
  artifactKey: Guid(30eb95614fbcf0246b90ee95b5e7ee9c) Importer(815301076,1909f56bfc062723c751e8b465ee728b)
Start importing Assets/Torch.prefab using Guid(30eb95614fbcf0246b90ee95b5e7ee9c) Importer(815301076,1909f56bfc062723c751e8b465ee728b)  -> (artifact id: '6141e8f221415687c54d48782f7835e2') in 0.054869 seconds
  Import took 0.060426 seconds .

========================================================================
Received Import Request.
  Time since last request: 30.585173 seconds.
  path: Assets/Prefabs
  artifactKey: Guid(80cc211a30d15c5469996358bf56d8ac) Importer(815301076,1909f56bfc062723c751e8b465ee728b)
Start importing Assets/Prefabs using Guid(80cc211a30d15c5469996358bf56d8ac) Importer(815301076,1909f56bfc062723c751e8b465ee728b)  -> (artifact id: 'f9504408794d37cf7497414ebede6c6e') in 0.018109 seconds
  Import took 0.071664 seconds .

========================================================================
Received Import Request.
  Time since last request: 26.808093 seconds.
  path: Assets/Sprites and Textures
  artifactKey: Guid(ba420d258364cfa41b0ecd2c4455fa72) Importer(815301076,1909f56bfc062723c751e8b465ee728b)
Start importing Assets/Sprites and Textures using Guid(ba420d258364cfa41b0ecd2c4455fa72) Importer(815301076,1909f56bfc062723c751e8b465ee728b)  -> (artifact id: 'eea4254c61760bacb275439107e41ead') in 0.017487 seconds
  Import took 0.023843 seconds .

========================================================================
Received Prepare
Registering precompiled user dll's ...
Registered in 0.001059 seconds.
Begin MonoManager ReloadAssembly
Native extension for WindowsStandalone target not found
Refreshing native plugins compatible for Editor in 0.49 ms, found 0 plugins.
Preloading 0 native plugins for Editor in 0.00 ms.
Warning: Annotation not found!
UnityEngine.StackTraceUtility:ExtractStackTrace ()
UnityEditor.ProBuilder.EditorUtility:SetGizmoIconEnabled (System.Type,bool) (at Library/PackageCache/com.unity.probuilder@4.5.0/Editor/EditorCore/EditorUtility.cs:593)
UnityEditor.ProBuilder.HierarchyListener:.cctor () (at Library/PackageCache/com.unity.probuilder@4.5.0/Editor/EditorCore/HierarchyListener.cs:21)
System.Runtime.CompilerServices.RuntimeHelpers:RunClassConstructor (System.RuntimeTypeHandle)
UnityEditor.EditorAssemblies:ProcessInitializeOnLoadAttributes (System.Type[])

[Library/PackageCache/com.unity.probuilder@4.5.0/Editor/EditorCore/EditorUtility.cs line 593]

Invoked RoslynAnalysisRunner static constructor.
RoslynAnalysisRunner will not be running.
RoslynAnalysisRunner has terminated.
Mono: successfully reloaded assembly
- Completed reload, in  1.601 seconds
Platform modules already initialized, skipping
Refreshing native plugins compatible for Editor in 0.50 ms, found 0 plugins.
Preloading 0 native plugins for Editor in 0.00 ms.
Unloading 1474 Unused Serialized files (Serialized files now loaded: 0)
System memory in use before: 74.2 MB.
System memory in use after: 74.3 MB.

Unloading 5 unused Assets to reduce memory usage. Loaded Objects now: 2010.
Total: 3.625000 ms (FindLiveObjects: 0.233400 ms CreateObjectMapping: 0.078900 ms MarkObjects: 3.204600 ms  DeleteObjects: 0.105500 ms)

